2020-06-13 16:20:52.884 [main] INFO  o.s.c.a.AnnotationConfigApplicationContext - Refreshing org.springframework.context.annotation.AnnotationConfigApplicationContext@1192798: startup date [Sat Jun 13 16:20:52 CST 2020]; root of context hierarchy
2020-06-13 16:20:53.156 [main] INFO  o.s.b.f.a.AutowiredAnnotationBeanPostProcessor - JSR-330 'javax.inject.Inject' annotation found and supported for autowiring
2020-06-13 16:20:53.264 [main] INFO  o.s.c.s.PostProcessorRegistrationDelegate$BeanPostProcessorChecker - Bean 'org.springframework.retry.annotation.RetryConfiguration' of type [org.springframework.retry.annotation.RetryConfiguration$$EnhancerBySpringCGLIB$$58e44305] is not eligible for getting processed by all BeanPostProcessors (for example: not eligible for auto-proxying)
2020-06-13 16:20:53.271 [main] INFO  o.s.c.s.PostProcessorRegistrationDelegate$BeanPostProcessorChecker - Bean 'configurationPropertiesRebinderAutoConfiguration' of type [org.springframework.cloud.autoconfigure.ConfigurationPropertiesRebinderAutoConfiguration$$EnhancerBySpringCGLIB$$7f3aaddd] is not eligible for getting processed by all BeanPostProcessors (for example: not eligible for auto-proxying)
2020-06-13 16:20:53.601 [main] INFO  o.s.c.c.client.ConfigServicePropertySourceLocator - Fetching config from server at : http://localhost:8762
2020-06-13 16:20:54.081 [main] INFO  o.s.c.c.client.ConfigServicePropertySourceLocator - Located environment: name=user, profiles=[dev], label=null, version=null, state=null
2020-06-13 16:20:54.081 [main] INFO  o.s.c.b.c.PropertySourceBootstrapConfiguration - Located property source: CompositePropertySource {name='configService', propertySources=[MapPropertySource {name='classpath:/shared/user-dev.yml'}]}
2020-06-13 16:23:13.376 [main] INFO  o.s.c.a.AnnotationConfigApplicationContext - Refreshing org.springframework.context.annotation.AnnotationConfigApplicationContext@9f0a20: startup date [Sat Jun 13 16:23:13 CST 2020]; root of context hierarchy
2020-06-13 16:23:13.638 [main] INFO  o.s.b.f.a.AutowiredAnnotationBeanPostProcessor - JSR-330 'javax.inject.Inject' annotation found and supported for autowiring
2020-06-13 16:23:13.741 [main] INFO  o.s.c.s.PostProcessorRegistrationDelegate$BeanPostProcessorChecker - Bean 'org.springframework.retry.annotation.RetryConfiguration' of type [org.springframework.retry.annotation.RetryConfiguration$$EnhancerBySpringCGLIB$$4702634] is not eligible for getting processed by all BeanPostProcessors (for example: not eligible for auto-proxying)
2020-06-13 16:23:13.750 [main] INFO  o.s.c.s.PostProcessorRegistrationDelegate$BeanPostProcessorChecker - Bean 'configurationPropertiesRebinderAutoConfiguration' of type [org.springframework.cloud.autoconfigure.ConfigurationPropertiesRebinderAutoConfiguration$$EnhancerBySpringCGLIB$$2ac6910c] is not eligible for getting processed by all BeanPostProcessors (for example: not eligible for auto-proxying)
2020-06-13 16:23:14.083 [main] INFO  o.s.c.c.client.ConfigServicePropertySourceLocator - Fetching config from server at : http://localhost:8762
2020-06-13 16:23:14.309 [main] INFO  o.s.c.c.client.ConfigServicePropertySourceLocator - Located environment: name=user, profiles=[dev], label=null, version=null, state=null
2020-06-13 16:23:14.309 [main] INFO  o.s.c.b.c.PropertySourceBootstrapConfiguration - Located property source: CompositePropertySource {name='configService', propertySources=[MapPropertySource {name='classpath:/shared/user-dev.yml'}]}
2020-06-13 16:24:41.151 [main] INFO  o.s.c.a.AnnotationConfigApplicationContext - Refreshing org.springframework.context.annotation.AnnotationConfigApplicationContext@c6daf0: startup date [Sat Jun 13 16:24:41 CST 2020]; root of context hierarchy
2020-06-13 16:24:41.393 [main] INFO  o.s.b.f.a.AutowiredAnnotationBeanPostProcessor - JSR-330 'javax.inject.Inject' annotation found and supported for autowiring
2020-06-13 16:24:41.512 [main] INFO  o.s.c.s.PostProcessorRegistrationDelegate$BeanPostProcessorChecker - Bean 'org.springframework.retry.annotation.RetryConfiguration' of type [org.springframework.retry.annotation.RetryConfiguration$$EnhancerBySpringCGLIB$$f2b018b3] is not eligible for getting processed by all BeanPostProcessors (for example: not eligible for auto-proxying)
2020-06-13 16:24:41.520 [main] INFO  o.s.c.s.PostProcessorRegistrationDelegate$BeanPostProcessorChecker - Bean 'configurationPropertiesRebinderAutoConfiguration' of type [org.springframework.cloud.autoconfigure.ConfigurationPropertiesRebinderAutoConfiguration$$EnhancerBySpringCGLIB$$1906838b] is not eligible for getting processed by all BeanPostProcessors (for example: not eligible for auto-proxying)
2020-06-13 16:24:41.840 [main] INFO  o.s.c.c.client.ConfigServicePropertySourceLocator - Fetching config from server at : http://localhost:8762
2020-06-13 16:24:42.065 [main] INFO  o.s.c.c.client.ConfigServicePropertySourceLocator - Located environment: name=user, profiles=[dev], label=null, version=null, state=null
2020-06-13 16:24:42.065 [main] INFO  o.s.c.b.c.PropertySourceBootstrapConfiguration - Located property source: CompositePropertySource {name='configService', propertySources=[MapPropertySource {name='classpath:/shared/user-dev.yml'}]}
2020-06-13 16:27:04.991 [main] INFO  o.s.c.a.AnnotationConfigApplicationContext - Refreshing org.springframework.context.annotation.AnnotationConfigApplicationContext@164305a: startup date [Sat Jun 13 16:27:04 CST 2020]; root of context hierarchy
2020-06-13 16:27:05.241 [main] INFO  o.s.b.f.a.AutowiredAnnotationBeanPostProcessor - JSR-330 'javax.inject.Inject' annotation found and supported for autowiring
2020-06-13 16:27:05.350 [main] INFO  o.s.c.s.PostProcessorRegistrationDelegate$BeanPostProcessorChecker - Bean 'org.springframework.retry.annotation.RetryConfiguration' of type [org.springframework.retry.annotation.RetryConfiguration$$EnhancerBySpringCGLIB$$dee77142] is not eligible for getting processed by all BeanPostProcessors (for example: not eligible for auto-proxying)
2020-06-13 16:27:05.357 [main] INFO  o.s.c.s.PostProcessorRegistrationDelegate$BeanPostProcessorChecker - Bean 'configurationPropertiesRebinderAutoConfiguration' of type [org.springframework.cloud.autoconfigure.ConfigurationPropertiesRebinderAutoConfiguration$$EnhancerBySpringCGLIB$$53ddc1a] is not eligible for getting processed by all BeanPostProcessors (for example: not eligible for auto-proxying)
2020-06-13 16:27:05.679 [main] INFO  o.s.c.c.client.ConfigServicePropertySourceLocator - Fetching config from server at : http://localhost:8762
2020-06-13 16:27:06.124 [main] INFO  o.s.c.c.client.ConfigServicePropertySourceLocator - Located environment: name=user, profiles=[dev], label=null, version=null, state=null
2020-06-13 16:27:06.124 [main] INFO  o.s.c.b.c.PropertySourceBootstrapConfiguration - Located property source: CompositePropertySource {name='configService', propertySources=[MapPropertySource {name='classpath:/shared/user-dev.yml'}]}
2020-06-13 16:29:09.769 [main] INFO  o.s.c.a.AnnotationConfigApplicationContext - Refreshing org.springframework.context.annotation.AnnotationConfigApplicationContext@54db99: startup date [Sat Jun 13 16:29:09 CST 2020]; root of context hierarchy
2020-06-13 16:29:10.019 [main] INFO  o.s.b.f.a.AutowiredAnnotationBeanPostProcessor - JSR-330 'javax.inject.Inject' annotation found and supported for autowiring
2020-06-13 16:29:10.123 [main] INFO  o.s.c.s.PostProcessorRegistrationDelegate$BeanPostProcessorChecker - Bean 'org.springframework.retry.annotation.RetryConfiguration' of type [org.springframework.retry.annotation.RetryConfiguration$$EnhancerBySpringCGLIB$$762e1baf] is not eligible for getting processed by all BeanPostProcessors (for example: not eligible for auto-proxying)
2020-06-13 16:29:10.132 [main] INFO  o.s.c.s.PostProcessorRegistrationDelegate$BeanPostProcessorChecker - Bean 'configurationPropertiesRebinderAutoConfiguration' of type [org.springframework.cloud.autoconfigure.ConfigurationPropertiesRebinderAutoConfiguration$$EnhancerBySpringCGLIB$$9c848687] is not eligible for getting processed by all BeanPostProcessors (for example: not eligible for auto-proxying)
2020-06-13 16:29:10.458 [main] INFO  o.s.c.c.client.ConfigServicePropertySourceLocator - Fetching config from server at : http://localhost:8762
2020-06-13 16:29:10.683 [main] INFO  o.s.c.c.client.ConfigServicePropertySourceLocator - Located environment: name=user, profiles=[dev], label=null, version=null, state=null
2020-06-13 16:29:10.683 [main] INFO  o.s.c.b.c.PropertySourceBootstrapConfiguration - Located property source: CompositePropertySource {name='configService', propertySources=[MapPropertySource {name='classpath:/shared/user-dev.yml'}]}
